SF:lib\main.dart
DA:6,0
DA:7,0
DA:8,0
DA:12,2
DA:14,1
DA:16,1
DA:18,1
DA:19,1
DA:20,1
LF:9
LH:6
end_of_record
SF:lib\core\router.dart
DA:8,3
DA:10,3
DA:11,1
DA:13,1
DA:14,1
DA:16,1
DA:18,1
DA:20,0
DA:22,1
DA:24,0
LF:10
LH:8
end_of_record
SF:lib\features\dashboard\dashboard_screen.dart
DA:5,1
DA:7,1
LF:2
LH:2
end_of_record
SF:lib\features\customers\customer_list_screen.dart
DA:5,1
DA:7,0
LF:2
LH:1
end_of_record
SF:lib\features\bills\bill_list_screen.dart
DA:5,1
DA:7,0
LF:2
LH:1
end_of_record
SF:lib\core\theme.dart
DA:5,3
DA:7,1
DA:10,3
DA:12,1
LF:4
LH:4
end_of_record
